2020-03-20 10:32:24: <info>                                    _                 
2020-03-20 10:32:24: <info>  _ __   __ _ _ __   ___  _ __ ___ (_)_ __   ___ _ __ 
2020-03-20 10:32:24: <info> | '_ \ / _` | '_ \ / _ \| '_ ` _ \| | '_ \ / _ \ '__|
2020-03-20 10:32:24: <info> | | | | (_| | | | | (_) | | | | | | | | | |  __/ |   
2020-03-20 10:32:24: <info> |_| |_|\__,_|_| |_|\___/|_| |_| |_|_|_| |_|\___|_|   
2020-03-20 10:32:24: <info> 
2020-03-20 10:32:24: <info> Version 1.8.2
2020-03-20 10:32:24: <info>  Started EthMan server on port 3333 without a password (read-only mode).
2020-03-20 10:32:24: <info>  Started web interface on port 9090 without a password.
2020-03-20 10:32:24: <info> ------------------RandomX:------------------
2020-03-20 10:32:24: <info> Currency: Monero
2020-03-20 10:32:24: <info> Wallet: 47qWaH9m9VKMUA4NH3VbZrK3pALXgFBw1hMmnaBiJSPSRbnAXo4nqkqJB67qNidyV5J46miK1zN7fWs3rdFTvF93BYqdptT
2020-03-20 10:32:24: <info> Rig name: baby
2020-03-20 10:32:24: <info> Email: msefeane@gmail.com
2020-03-20 10:32:24: <info> Hashrate threshold to restart miner is not set
2020-03-20 10:32:24: <info> Using CPU threads: 8
2020-03-20 10:32:24: <info> Added pool: xmr-us-west1.nanopool.org:14433
2020-03-20 10:32:24: <info> Added pool: xmr-eu2.nanopool.org:14433
2020-03-20 10:32:24: <info> Added pool: xmr-us-east1.nanopool.org:14433
2020-03-20 10:32:24: <info> Added pool: xmr-asia1.nanopool.org:14433
2020-03-20 10:32:24: <info> Added pool: xmr-au1.nanopool.org:14433
2020-03-20 10:32:24: <info> Added pool: xmr-jp1.nanopool.org:14433
2020-03-20 10:32:24: <info> Added pool: xmr-eu1.nanopool.org:14433
2020-03-20 10:32:24: <info> Auto pool sorting is enabled
2020-03-20 10:32:24: <info> -------------Common parameters:-------------
2020-03-20 10:32:24: <info> Log path: ./logs/
2020-03-20 10:32:24: <info> Log is written to file
2020-03-20 10:32:24: <info> GPU watchdog is enabled
2020-03-20 10:32:24: <info> Never calling reboot.sh (always restarting the miner in case of errors). 
2020-03-20 10:32:24: <info>  Setting up algorithm: RandomX
2020-03-20 10:32:25: <info>  Connecting to pools...
2020-03-20 10:32:28: <info>  Connected to pool: xmr-us-west1.nanopool.org:14433 | ping: 2447 ms.
2020-03-20 10:32:29: <info> CPU: Intel(R) Core(TM) i7-7500U CPU @ 2.70GHz | AVX2: yes | SSSE3: yes | AES: yes
2020-03-20 10:32:29: <info>  New job from xmr-us-west1.nanopool.org:14433 | share difficulty = 480 kH
2020-03-20 10:32:29: [Statistics] Monero - Total speed: 0.000 H/s, Total shares: 0 Rejected: 0, Time: 00:05
2020-03-20 10:32:29: <info>  Updating dataset...
2020-03-20 10:32:37: <info>  Updating dataset finished.
2020-03-20 10:32:37: <info>  New job from xmr-us-west1.nanopool.org:14433
2020-03-20 10:32:37: [Statistics] Monero - Total speed: 1.073 H/s, Total shares: 0 Rejected: 0, Time: 00:12
2020-03-20 10:32:37: [Statistics] Monero: CPU: 1.073 H/s
2020-03-20 10:32:37: [Statistics] Monero last 10 min - Total: 1.073 H/s.
2020-03-20 10:32:45: <info>  Monero - SHARE FOUND (CPU, nonce: f7b9d2f3).
2020-03-20 10:32:47: <info> Monero: share accepted (2101 ms)!
2020-03-20 10:33:20: <info>  New job from xmr-us-west1.nanopool.org:14433
2020-03-20 10:33:20: [Statistics] Monero - Total speed: 699.955 H/s, Total shares: 1 Rejected: 0, Time: 00:56
2020-03-20 10:33:20: [Statistics] Monero: CPU: 699.955 H/s
2020-03-20 10:34:21: <info>  New job from xmr-us-west1.nanopool.org:14433
2020-03-20 10:34:21: [Statistics] Monero - Total speed: 777.470 H/s, Total shares: 1 Rejected: 0, Time: 01:56
2020-03-20 10:34:21: [Statistics] Monero: CPU: 777.470 H/s
2020-03-20 10:35:06: <info>  New job from xmr-us-west1.nanopool.org:14433
2020-03-20 10:35:06: [Statistics] Monero - Total speed: 787.360 H/s, Total shares: 1 Rejected: 0, Time: 02:42
2020-03-20 10:35:06: [Statistics] Monero: CPU: 787.360 H/s
2020-03-20 10:35:35: <info>  New job from xmr-us-west1.nanopool.org:14433
2020-03-20 10:35:35: [Statistics] Monero - Total speed: 787.537 H/s, Total shares: 1 Rejected: 0, Time: 03:10
2020-03-20 10:35:35: [Statistics] Monero: CPU: 787.537 H/s
2020-03-20 10:35:35: [Statistics] Monero last 10 min - Total: 662.675 H/s.
2020-03-20 10:36:35: <info>  New job from xmr-us-west1.nanopool.org:14433
2020-03-20 10:36:35: [Statistics] Monero - Total speed: 776.022 H/s, Total shares: 1 Rejected: 0, Time: 04:10
2020-03-20 10:36:35: [Statistics] Monero: CPU: 776.022 H/s
