2020-03-18 10:37:01: <info>                                    _                 
2020-03-18 10:37:01: <info>  _ __   __ _ _ __   ___  _ __ ___ (_)_ __   ___ _ __ 
2020-03-18 10:37:01: <info> | '_ \ / _` | '_ \ / _ \| '_ ` _ \| | '_ \ / _ \ '__|
2020-03-18 10:37:01: <info> | | | | (_| | | | | (_) | | | | | | | | | |  __/ |   
2020-03-18 10:37:01: <info> |_| |_|\__,_|_| |_|\___/|_| |_| |_|_|_| |_|\___|_|   
2020-03-18 10:37:01: <info> 
2020-03-18 10:37:01: <info> Version 1.8.2
2020-03-18 10:37:01: <info>  Started EthMan server on port 3333 without a password (read-only mode).
2020-03-18 10:37:01: <info>  Started web interface on port 9090 without a password.
2020-03-18 10:37:01: <info> ------------------RandomX:------------------
2020-03-18 10:37:01: <info> Currency: Monero
2020-03-18 10:37:01: <info> Wallet: 47qWaH9m9VKMUA4NH3VbZrK3pALXgFBw1hMmnaBiJSPSRbnAXo4nqkqJB67qNidyV5J46miK1zN7fWs3rdFTvF93BYqdptT
2020-03-18 10:37:01: <info> Rig name: ace
2020-03-18 10:37:01: <info> Email: msefeane@gmail.com
2020-03-18 10:37:01: <info> Hashrate threshold to restart miner is not set
2020-03-18 10:37:01: <info> Using CPU threads: 4
2020-03-18 10:37:01: <info> Added pool: xmr-eu2.nanopool.org:14433
2020-03-18 10:37:01: <info> Added pool: xmr-us-west1.nanopool.org:14433
2020-03-18 10:37:01: <info> Added pool: xmr-eu1.nanopool.org:14433
2020-03-18 10:37:01: <info> Added pool: xmr-us-east1.nanopool.org:14433
2020-03-18 10:37:01: <info> Added pool: xmr-asia1.nanopool.org:14433
2020-03-18 10:37:01: <info> Added pool: xmr-jp1.nanopool.org:14433
2020-03-18 10:37:01: <info> Added pool: xmr-au1.nanopool.org:14433
2020-03-18 10:37:01: <info> Auto pool sorting is enabled
2020-03-18 10:37:01: <info> -------------Common parameters:-------------
2020-03-18 10:37:01: <info> Log path: ./logs/
2020-03-18 10:37:01: <info> Log is written to file
2020-03-18 10:37:01: <info> GPU watchdog is enabled
2020-03-18 10:37:01: <info> Never calling reboot.sh (always restarting the miner in case of errors). 
2020-03-18 10:37:01: <info>  Setting up algorithm: RandomX
2020-03-18 10:37:02: <info>  Connecting to pools...
2020-03-18 10:37:17: <info>  Connected to pool: xmr-eu1.nanopool.org:14433 | ping: 2248 ms.
2020-03-18 10:37:18: <info>  Monero: trying to use "stratum" mining protocol... to disable this behaviour, specify: protocol=JSON-RPC
2020-03-18 10:37:21: <info> CPU: Intel(R) Core(TM) i7-7500U CPU @ 2.70GHz | AVX2: yes | SSSE3: yes | AES: yes
2020-03-18 10:37:21: <info>  New job from xmr-eu1.nanopool.org:14433 | share difficulty = 480 kH
2020-03-18 10:37:21: [Statistics] Monero - Total speed: 0.000 H/s, Total shares: 0 Rejected: 0, Time: 00:19
2020-03-18 10:37:21: <info>  Updating dataset...
2020-03-18 10:37:28: <info>  Updating dataset finished.
2020-03-18 10:37:33: <info>  New job from xmr-eu1.nanopool.org:14433
2020-03-18 10:37:33: [Statistics] Monero - Total speed: 132.935 H/s, Total shares: 0 Rejected: 0, Time: 00:31
2020-03-18 10:37:33: [Statistics] Monero: CPU: 132.935 H/s
2020-03-18 10:37:33: [Statistics] Monero last 10 min - Total: 132.935 H/s.
2020-03-18 10:38:42: <info>  New job from xmr-eu1.nanopool.org:14433
2020-03-18 10:38:42: [Statistics] Monero - Total speed: 491.081 H/s, Total shares: 0 Rejected: 0, Time: 01:40
2020-03-18 10:38:42: [Statistics] Monero: CPU: 491.081 H/s
2020-03-18 10:38:58: <info>  New job from xmr-eu1.nanopool.org:14433
2020-03-18 10:38:58: [Statistics] Monero - Total speed: 478.406 H/s, Total shares: 0 Rejected: 0, Time: 01:57
2020-03-18 10:38:58: [Statistics] Monero: CPU: 478.406 H/s
