2020-03-20 09:51:14: <info>                                    _                 
2020-03-20 09:51:14: <info>  _ __   __ _ _ __   ___  _ __ ___ (_)_ __   ___ _ __ 
2020-03-20 09:51:14: <info> | '_ \ / _` | '_ \ / _ \| '_ ` _ \| | '_ \ / _ \ '__|
2020-03-20 09:51:14: <info> | | | | (_| | | | | (_) | | | | | | | | | |  __/ |   
2020-03-20 09:51:14: <info> |_| |_|\__,_|_| |_|\___/|_| |_| |_|_|_| |_|\___|_|   
2020-03-20 09:51:14: <info> 
2020-03-20 09:51:14: <info> Version 1.8.2
2020-03-20 09:51:14: <info>  Started EthMan server on port 3333 without a password (read-only mode).
2020-03-20 09:51:14: <info>  Started web interface on port 9090 without a password.
2020-03-20 09:51:14: <info> ------------------RandomX:------------------
2020-03-20 09:51:14: <info> Currency: Monero
2020-03-20 09:51:14: <info> Wallet: 47qWaH9m9VKMUA4NH3VbZrK3pALXgFBw1hMmnaBiJSPSRbnAXo4nqkqJB67qNidyV5J46miK1zN7fWs3rdFTvF93BYqdptT
2020-03-20 09:51:14: <info> Rig name: baby
2020-03-20 09:51:14: <info> Email: msefeane@gmail.com
2020-03-20 09:51:14: <info> Hashrate threshold to restart miner is not set
2020-03-20 09:51:14: <info> Using CPU threads: 9
2020-03-20 09:51:14: <info> Added pool: xmr-eu1.nanopool.org:14433
2020-03-20 09:51:14: <info> Added pool: xmr-eu2.nanopool.org:14433
2020-03-20 09:51:14: <info> Added pool: xmr-us-east1.nanopool.org:14433
2020-03-20 09:51:14: <info> Added pool: xmr-us-west1.nanopool.org:14433
2020-03-20 09:51:14: <info> Added pool: xmr-asia1.nanopool.org:14433
2020-03-20 09:51:14: <info> Added pool: xmr-jp1.nanopool.org:14433
2020-03-20 09:51:14: <info> Added pool: xmr-au1.nanopool.org:14433
2020-03-20 09:51:14: <info> Auto pool sorting is enabled
2020-03-20 09:51:14: <info> -------------Common parameters:-------------
2020-03-20 09:51:14: <info> Log path: ./logs/
2020-03-20 09:51:14: <info> Log is written to file
2020-03-20 09:51:14: <info> GPU watchdog is enabled
2020-03-20 09:51:14: <info> Never calling reboot.sh (always restarting the miner in case of errors). 
2020-03-20 09:51:14: <info>  Setting up algorithm: RandomX
2020-03-20 09:51:15: <info>  Connecting to pools...
2020-03-20 09:51:19: <info>  Connected to pool: xmr-eu1.nanopool.org:14433 | ping: 1228 ms.
2020-03-20 09:51:20: <info>  Connecting to pools...
2020-03-20 09:51:22: <info>  Reconnected to pool: xmr-eu1.nanopool.org:14433 | ping: 1228 ms.
2020-03-20 09:51:22: <info> CPU: Intel(R) Core(TM) i7-7500U CPU @ 2.70GHz | AVX2: yes | SSSE3: yes | AES: yes
2020-03-20 09:51:22: <info>  New job from xmr-eu1.nanopool.org:14433 | share difficulty = 480 kH
2020-03-20 09:51:22: [Statistics] Monero - Total speed: 0.000 H/s, Total shares: 0 Rejected: 0, Time: 00:08
2020-03-20 09:51:22: <info>  Updating dataset...
2020-03-20 09:51:30: <info>  Updating dataset finished.
2020-03-20 09:52:01: <info>  New job from xmr-eu1.nanopool.org:14433
2020-03-20 09:52:01: [Statistics] Monero - Total speed: 612.069 H/s, Total shares: 0 Rejected: 0, Time: 00:47
2020-03-20 09:52:01: [Statistics] Monero: CPU: 612.069 H/s
2020-03-20 09:52:01: [Statistics] Monero last 10 min - Total: 612.069 H/s.
2020-03-20 09:53:01: <info>  New job from xmr-eu1.nanopool.org:14433
2020-03-20 09:53:01: [Statistics] Monero - Total speed: 647.764 H/s, Total shares: 0 Rejected: 0, Time: 01:47
2020-03-20 09:53:01: [Statistics] Monero: CPU: 647.764 H/s
2020-03-20 09:53:24: <info>  New job from xmr-eu1.nanopool.org:14433
2020-03-20 09:53:24: [Statistics] Monero - Total speed: 660.092 H/s, Total shares: 0 Rejected: 0, Time: 02:09
2020-03-20 09:53:24: [Statistics] Monero: CPU: 660.092 H/s
2020-03-20 09:54:24: <info>  New job from xmr-eu1.nanopool.org:14433
2020-03-20 09:54:24: [Statistics] Monero - Total speed: 662.034 H/s, Total shares: 0 Rejected: 0, Time: 03:10
2020-03-20 09:54:24: [Statistics] Monero: CPU: 662.034 H/s
