2020-03-20 10:10:59: <info>                                    _                 
2020-03-20 10:10:59: <info>  _ __   __ _ _ __   ___  _ __ ___ (_)_ __   ___ _ __ 
2020-03-20 10:10:59: <info> | '_ \ / _` | '_ \ / _ \| '_ ` _ \| | '_ \ / _ \ '__|
2020-03-20 10:10:59: <info> | | | | (_| | | | | (_) | | | | | | | | | |  __/ |   
2020-03-20 10:10:59: <info> |_| |_|\__,_|_| |_|\___/|_| |_| |_|_|_| |_|\___|_|   
2020-03-20 10:10:59: <info> 
2020-03-20 10:10:59: <info> Version 1.8.2
2020-03-20 10:10:59: <info>  Started EthMan server on port 3333 without a password (read-only mode).
2020-03-20 10:10:59: <info>  Started web interface on port 9090 without a password.
2020-03-20 10:10:59: <info> ------------------RandomX:------------------
2020-03-20 10:10:59: <info> Currency: Monero
2020-03-20 10:10:59: <info> Wallet: 47qWaH9m9VKMUA4NH3VbZrK3pALXgFBw1hMmnaBiJSPSRbnAXo4nqkqJB67qNidyV5J46miK1zN7fWs3rdFTvF93BYqdptT
2020-03-20 10:10:59: <info> Rig name: baby
2020-03-20 10:10:59: <info> Email: msefeane@gmail.com
2020-03-20 10:10:59: <info> Hashrate threshold to restart miner is not set
2020-03-20 10:10:59: <info> Using CPU threads: 4
2020-03-20 10:10:59: <info> Added pool: xmr-eu1.nanopool.org:14433
2020-03-20 10:10:59: <info> Added pool: xmr-eu2.nanopool.org:14433
2020-03-20 10:10:59: <info> Added pool: xmr-us-east1.nanopool.org:14433
2020-03-20 10:10:59: <info> Added pool: xmr-jp1.nanopool.org:14433
2020-03-20 10:10:59: <info> Added pool: xmr-us-west1.nanopool.org:14433
2020-03-20 10:10:59: <info> Added pool: xmr-asia1.nanopool.org:14433
2020-03-20 10:10:59: <info> Added pool: xmr-au1.nanopool.org:14433
2020-03-20 10:10:59: <info> Auto pool sorting is enabled
2020-03-20 10:10:59: <info> -------------Common parameters:-------------
2020-03-20 10:10:59: <info> Log path: ./logs/
2020-03-20 10:10:59: <info> Log is written to file
2020-03-20 10:10:59: <info> GPU watchdog is enabled
2020-03-20 10:10:59: <info> Never calling reboot.sh (always restarting the miner in case of errors). 
2020-03-20 10:10:59: <info>  Setting up algorithm: RandomX
2020-03-20 10:11:00: <info>  Connecting to pools...
2020-03-20 10:11:02: <info>  Connected to pool: xmr-eu1.nanopool.org:14433 | ping: 682 ms.
2020-03-20 10:11:02: <info> CPU: Intel(R) Core(TM) i7-7500U CPU @ 2.70GHz | AVX2: yes | SSSE3: yes | AES: yes
2020-03-20 10:11:02: <info>  New job from xmr-eu1.nanopool.org:14433 | share difficulty = 480 kH
2020-03-20 10:11:02: [Statistics] Monero - Total speed: 0.000 H/s, Total shares: 0 Rejected: 0, Time: 00:03
2020-03-20 10:11:02: <info>  Updating dataset...
2020-03-20 10:11:10: <info>  Updating dataset finished.
2020-03-20 10:11:31: <info>  New job from xmr-eu1.nanopool.org:14433
2020-03-20 10:11:31: [Statistics] Monero - Total speed: 512.654 H/s, Total shares: 0 Rejected: 0, Time: 00:31
2020-03-20 10:11:31: [Statistics] Monero: CPU: 512.654 H/s
2020-03-20 10:11:31: [Statistics] Monero last 10 min - Total: 512.654 H/s.
2020-03-20 10:12:30: <info>  New job from xmr-eu1.nanopool.org:14433
2020-03-20 10:12:30: [Statistics] Monero - Total speed: 766.855 H/s, Total shares: 0 Rejected: 0, Time: 01:31
2020-03-20 10:12:30: [Statistics] Monero: CPU: 766.855 H/s
2020-03-20 10:12:58: <info>  New job from xmr-eu1.nanopool.org:14433
2020-03-20 10:12:58: [Statistics] Monero - Total speed: 788.245 H/s, Total shares: 0 Rejected: 0, Time: 01:58
2020-03-20 10:12:58: [Statistics] Monero: CPU: 788.245 H/s
2020-03-20 10:13:04: <info>  New job from xmr-eu1.nanopool.org:14433
2020-03-20 10:13:04: [Statistics] Monero - Total speed: 787.286 H/s, Total shares: 0 Rejected: 0, Time: 02:04
2020-03-20 10:13:04: [Statistics] Monero: CPU: 787.286 H/s
2020-03-20 10:13:20: <info>  New job from xmr-eu1.nanopool.org:14433
2020-03-20 10:13:20: [Statistics] Monero - Total speed: 789.308 H/s, Total shares: 0 Rejected: 0, Time: 02:20
2020-03-20 10:13:20: [Statistics] Monero: CPU: 789.308 H/s
2020-03-20 10:13:20: [Statistics] Monero last 10 min - Total: 704.392 H/s.
2020-03-20 10:13:51: <info>  New job from xmr-eu1.nanopool.org:14433
2020-03-20 10:13:51: [Statistics] Monero - Total speed: 786.476 H/s, Total shares: 0 Rejected: 0, Time: 02:51
2020-03-20 10:13:51: [Statistics] Monero: CPU: 786.476 H/s
