2020-03-20 11:02:43: <info>                                    _                 
2020-03-20 11:02:43: <info>  _ __   __ _ _ __   ___  _ __ ___ (_)_ __   ___ _ __ 
2020-03-20 11:02:43: <info> | '_ \ / _` | '_ \ / _ \| '_ ` _ \| | '_ \ / _ \ '__|
2020-03-20 11:02:43: <info> | | | | (_| | | | | (_) | | | | | | | | | |  __/ |   
2020-03-20 11:02:43: <info> |_| |_|\__,_|_| |_|\___/|_| |_| |_|_|_| |_|\___|_|   
2020-03-20 11:02:43: <info> 
2020-03-20 11:02:43: <info> Version 1.8.2
2020-03-20 11:02:43: <info>  Web interface was not started.
2020-03-20 11:02:43: <info> ------------------RandomX:------------------
2020-03-20 11:02:43: <info> Currency: Monero
2020-03-20 11:02:43: <info> Wallet: 47qWaH9m9VKMUA4NH3VbZrK3pALXgFBw1hMmnaBiJSPSRbnAXo4nqkqJB67qNidyV5J46miK1zN7fWs3rdFTvF93BYqdptT
2020-03-20 11:02:43: <info> Rig name: baby
2020-03-20 11:02:43: <info> Email: msefeane@gmail.com
2020-03-20 11:02:43: <info> Hashrate threshold to restart miner is not set
2020-03-20 11:02:43: <info> Using CPU threads: 7
2020-03-20 11:02:43: <info> Added pool: xmr-eu2.nanopool.org:14433
2020-03-20 11:02:43: <info> Added pool: xmr-eu1.nanopool.org:14433
2020-03-20 11:02:43: <info> Added pool: xmr-us-east1.nanopool.org:14433
2020-03-20 11:02:43: <info> Added pool: xmr-us-west1.nanopool.org:14433
2020-03-20 11:02:43: <info> Added pool: xmr-asia1.nanopool.org:14433
2020-03-20 11:02:43: <info> Added pool: xmr-jp1.nanopool.org:14433
2020-03-20 11:02:43: <info> Added pool: xmr-au1.nanopool.org:14433
2020-03-20 11:02:43: <info> Auto pool sorting is enabled
2020-03-20 11:02:43: <info> -------------Common parameters:-------------
2020-03-20 11:02:43: <info> Log path: ./logs/
2020-03-20 11:02:43: <info> Log is written to file
2020-03-20 11:02:43: <info> GPU watchdog is enabled
2020-03-20 11:02:43: <info> Never calling reboot.sh (always restarting the miner in case of errors). 
2020-03-20 11:02:43: <info>  Setting up algorithm: RandomX
2020-03-20 11:02:44: <info>  Connecting to pools...
2020-03-20 11:02:46: <info>  Connected to pool: xmr-eu2.nanopool.org:14433 | ping: 2750 ms.
2020-03-20 11:02:47: <info> CPU: Intel(R) Core(TM) i7-7500U CPU @ 2.70GHz | AVX2: yes | SSSE3: yes | AES: yes
2020-03-20 11:02:47: <info>  New job from xmr-eu2.nanopool.org:14433 | share difficulty = 480 kH
2020-03-20 11:02:47: [Statistics] Monero - Total speed: 0.000 H/s, Total shares: 0 Rejected: 0, Time: 00:04
2020-03-20 11:02:47: <info>  Updating dataset...
2020-03-20 11:03:02: <info>  Updating dataset finished.
2020-03-20 11:03:15: <info>  New job from xmr-eu2.nanopool.org:14433
2020-03-20 11:03:15: [Statistics] Monero - Total speed: 173.023 H/s, Total shares: 0 Rejected: 0, Time: 00:31
2020-03-20 11:03:15: [Statistics] Monero: CPU: 173.023 H/s
2020-03-20 11:03:15: [Statistics] Monero last 10 min - Total: 173.023 H/s.
2020-03-20 11:03:49: <info>  New job from xmr-eu2.nanopool.org:14433
2020-03-20 11:03:49: [Statistics] Monero - Total speed: 328.121 H/s, Total shares: 0 Rejected: 0, Time: 01:05
2020-03-20 11:03:49: [Statistics] Monero: CPU: 328.121 H/s
2020-03-20 11:04:48: <info>  New job from xmr-eu2.nanopool.org:14433
2020-03-20 11:04:48: [Statistics] Monero - Total speed: 290.838 H/s, Total shares: 0 Rejected: 0, Time: 02:05
2020-03-20 11:04:48: [Statistics] Monero: CPU: 290.838 H/s
