2020-03-24 13:15:24: <info>                                    _                 
2020-03-24 13:15:24: <info>  _ __   __ _ _ __   ___  _ __ ___ (_)_ __   ___ _ __ 
2020-03-24 13:15:24: <info> | '_ \ / _` | '_ \ / _ \| '_ ` _ \| | '_ \ / _ \ '__|
2020-03-24 13:15:24: <info> | | | | (_| | | | | (_) | | | | | | | | | |  __/ |   
2020-03-24 13:15:24: <info> |_| |_|\__,_|_| |_|\___/|_| |_| |_|_|_| |_|\___|_|   
2020-03-24 13:15:24: <info> 
2020-03-24 13:15:24: <info> Version 1.8.2
2020-03-24 13:15:24: <info>  Started EthMan server on port 3333 without a password (read-only mode).
2020-03-24 13:15:24: <info>  Started web interface on port 9090 without a password.
2020-03-24 13:15:24: <info> ------------------RandomX:------------------
2020-03-24 13:15:24: <info> Currency: Monero
2020-03-24 13:15:24: <info> Wallet: 47qWaH9m9VKMUA4NH3VbZrK3pALXgFBw1hMmnaBiJSPSRbnAXo4nqkqJB67qNidyV5J46miK1zN7fWs3rdFTvF93BYqdptT
2020-03-24 13:15:24: <info> Rig name: baby
2020-03-24 13:15:24: <info> Email: msefeane@gmail.com
2020-03-24 13:15:24: <info> Hashrate threshold to restart miner is not set
2020-03-24 13:15:24: <info> Using CPU threads: 4
2020-03-24 13:15:24: <info> Added pool: xmr-eu2.nanopool.org:14433
2020-03-24 13:15:24: <info> Added pool: xmr-eu1.nanopool.org:14433
2020-03-24 13:15:24: <info> Added pool: xmr-us-east1.nanopool.org:14433
2020-03-24 13:15:24: <info> Added pool: xmr-asia1.nanopool.org:14433
2020-03-24 13:15:24: <info> Added pool: xmr-us-west1.nanopool.org:14433
2020-03-24 13:15:24: <info> Added pool: xmr-au1.nanopool.org:14433
2020-03-24 13:15:24: <info> Added pool: xmr-jp1.nanopool.org:14433
2020-03-24 13:15:24: <info> Auto pool sorting is enabled
2020-03-24 13:15:24: <info> -------------Common parameters:-------------
2020-03-24 13:15:24: <info> Log path: ./logs/
2020-03-24 13:15:24: <info> Log is written to file
2020-03-24 13:15:24: <info> GPU watchdog is enabled
2020-03-24 13:15:24: <info> Never calling reboot.sh (always restarting the miner in case of errors). 
2020-03-24 13:15:24: <info>  Setting up algorithm: RandomX
2020-03-24 13:15:25: <info>  Connecting to pools...
2020-03-24 13:15:25: <info>  Connected to pool: xmr-eu2.nanopool.org:14433 | ping: 766 ms.
2020-03-24 13:15:26: <info> CPU: Intel(R) Core(TM) i7-7500U CPU @ 2.70GHz | AVX2: yes | SSSE3: yes | AES: yes
2020-03-24 13:15:26: <info>  New job from xmr-eu2.nanopool.org:14433 | share difficulty = 480 kH
2020-03-24 13:15:26: [Statistics] Monero - Total speed: 0.000 H/s, Total shares: 0 Rejected: 0, Time: 00:01
2020-03-24 13:15:26: <info>  Updating dataset...
2020-03-24 13:15:28: <info>  New job from xmr-eu2.nanopool.org:14433
2020-03-24 13:15:28: [Statistics] Monero - Total speed: 0.000 H/s, Total shares: 0 Rejected: 0, Time: 00:04
2020-03-24 13:15:28: [Statistics] Monero last 10 min - Total: 0.000 H/s.
2020-03-24 13:15:34: <info>  Updating dataset finished.
2020-03-24 13:16:29: <info>  New job from xmr-eu2.nanopool.org:14433
2020-03-24 13:16:29: [Statistics] Monero - Total speed: 568.676 H/s, Total shares: 0 Rejected: 0, Time: 01:04
2020-03-24 13:16:29: [Statistics] Monero: CPU: 568.676 H/s
2020-03-24 13:17:26: <info>  New job from xmr-eu2.nanopool.org:14433
2020-03-24 13:17:26: [Statistics] Monero - Total speed: 593.988 H/s, Total shares: 0 Rejected: 0, Time: 02:02
2020-03-24 13:17:26: [Statistics] Monero: CPU: 593.988 H/s
2020-03-24 13:18:26: <info>  New job from xmr-eu2.nanopool.org:14433
2020-03-24 13:18:26: [Statistics] Monero - Total speed: 600.209 H/s, Total shares: 0 Rejected: 0, Time: 03:02
2020-03-24 13:18:26: [Statistics] Monero: CPU: 600.209 H/s
2020-03-24 13:18:54: <info>  New job from xmr-eu2.nanopool.org:14433
2020-03-24 13:18:54: [Statistics] Monero - Total speed: 603.398 H/s, Total shares: 0 Rejected: 0, Time: 03:29
2020-03-24 13:18:54: [Statistics] Monero: CPU: 603.398 H/s
2020-03-24 13:18:54: [Statistics] Monero last 10 min - Total: 591.756 H/s.
2020-03-24 13:19:54: <info>  New job from xmr-eu2.nanopool.org:14433
2020-03-24 13:19:54: [Statistics] Monero - Total speed: 601.717 H/s, Total shares: 0 Rejected: 0, Time: 04:30
2020-03-24 13:19:54: [Statistics] Monero: CPU: 601.717 H/s
2020-03-24 13:20:15: <info>  Monero - SHARE FOUND (CPU, nonce: 115b799b).
2020-03-24 13:20:15: <info> Monero: share accepted (267 ms)!
2020-03-24 13:20:54: <info>  New job from xmr-eu2.nanopool.org:14433
2020-03-24 13:20:54: [Statistics] Monero - Total speed: 603.325 H/s, Total shares: 1 Rejected: 0, Time: 05:30
2020-03-24 13:20:54: [Statistics] Monero: CPU: 603.325 H/s
2020-03-24 13:21:00: <info>  New job from xmr-eu2.nanopool.org:14433
2020-03-24 13:21:00: [Statistics] Monero - Total speed: 603.507 H/s, Total shares: 1 Rejected: 0, Time: 05:36
2020-03-24 13:21:00: [Statistics] Monero: CPU: 603.507 H/s
2020-03-24 13:22:00: <info>  New job from xmr-eu2.nanopool.org:14433
2020-03-24 13:22:00: [Statistics] Monero - Total speed: 509.264 H/s, Total shares: 1 Rejected: 0, Time: 06:36
2020-03-24 13:22:00: [Statistics] Monero: CPU: 509.264 H/s
2020-03-24 13:22:00: [Statistics] Monero last 10 min - Total: 589.449 H/s.
2020-03-24 13:22:03: <info>  New job from xmr-eu2.nanopool.org:14433
2020-03-24 13:22:03: [Statistics] Monero - Total speed: 528.179 H/s, Total shares: 1 Rejected: 0, Time: 06:39
2020-03-24 13:22:03: [Statistics] Monero: CPU: 528.179 H/s
