2020-04-16 02:17:47: <info>                                    _                 
2020-04-16 02:17:47: <info>  _ __   __ _ _ __   ___  _ __ ___ (_)_ __   ___ _ __ 
2020-04-16 02:17:47: <info> | '_ \ / _` | '_ \ / _ \| '_ ` _ \| | '_ \ / _ \ '__|
2020-04-16 02:17:47: <info> | | | | (_| | | | | (_) | | | | | | | | | |  __/ |   
2020-04-16 02:17:47: <info> |_| |_|\__,_|_| |_|\___/|_| |_| |_|_|_| |_|\___|_|   
2020-04-16 02:17:47: <info> 
2020-04-16 02:17:47: <info> Version 1.8.2
2020-04-16 02:17:47: <info>  Started EthMan server on port 3333 without a password (read-only mode).
2020-04-16 02:17:47: <info>  Started web interface on port 9090 without a password.
2020-04-16 02:17:47: <info> ------------------RandomX:------------------
2020-04-16 02:17:47: <info> Currency: Monero
2020-04-16 02:17:47: <info> Wallet: 47qWaH9m9VKMUA4NH3VbZrK3pALXgFBw1hMmnaBiJSPSRbnAXo4nqkqJB67qNidyV5J46miK1zN7fWs3rdFTvF93BYqdptT
2020-04-16 02:17:47: <info> Rig name: baby
2020-04-16 02:17:47: <info> Email: msefeane@gmail.com
2020-04-16 02:17:47: <info> Hashrate threshold to restart miner is not set
2020-04-16 02:17:47: <info> Using CPU threads: 7
2020-04-16 02:17:47: <info> Added pool: xmr-eu2.nanopool.org:14433
2020-04-16 02:17:47: <info> Added pool: xmr-eu1.nanopool.org:14433
2020-04-16 02:17:47: <info> Added pool: xmr-us-east1.nanopool.org:14433
2020-04-16 02:17:47: <info> Added pool: xmr-us-west1.nanopool.org:14433
2020-04-16 02:17:47: <info> Added pool: xmr-asia1.nanopool.org:14433
2020-04-16 02:17:47: <info> Added pool: xmr-jp1.nanopool.org:14433
2020-04-16 02:17:47: <info> Added pool: xmr-au1.nanopool.org:14433
2020-04-16 02:17:47: <info> Auto pool sorting is enabled
2020-04-16 02:17:47: <info> -------------Common parameters:-------------
2020-04-16 02:17:47: <info> Log path: ./logs/
2020-04-16 02:17:47: <info> Log is written to file
2020-04-16 02:17:47: <info> GPU watchdog is enabled
2020-04-16 02:17:47: <info> Never calling reboot.sh (always restarting the miner in case of errors). 
2020-04-16 02:17:47: <info>  Setting up algorithm: RandomX
2020-04-16 02:17:48: <info>  Connecting to pools...
2020-04-16 02:17:48: <info>  Connected to pool: xmr-eu2.nanopool.org:14433 | ping: 713 ms.
2020-04-16 02:17:48: <info> CPU: Intel(R) Core(TM) i7-7500U CPU @ 2.70GHz | AVX2: yes | SSSE3: yes | AES: yes
2020-04-16 02:17:48: <info>  New job from xmr-eu2.nanopool.org:14433 | share difficulty = 480 kH
2020-04-16 02:17:48: [Statistics] Monero - Total speed: 0.000 H/s, Total shares: 0 Rejected: 0, Time: 00:01
2020-04-16 02:17:48: <info>  Updating dataset...
2020-04-16 02:17:54: <info>  New job from xmr-eu2.nanopool.org:14433
2020-04-16 02:17:54: [Statistics] Monero - Total speed: 0.000 H/s, Total shares: 0 Rejected: 0, Time: 00:07
2020-04-16 02:17:54: [Statistics] Monero last 10 min - Total: 0.000 H/s.
2020-04-16 02:17:58: <info>  Updating dataset finished.
2020-04-16 02:18:51: <info>  New job from xmr-eu2.nanopool.org:14433
2020-04-16 02:18:51: [Statistics] Monero - Total speed: 493.345 H/s, Total shares: 0 Rejected: 0, Time: 01:04
2020-04-16 02:18:51: [Statistics] Monero: CPU: 493.345 H/s
2020-04-16 02:19:52: <info>  New job from xmr-eu2.nanopool.org:14433
2020-04-16 02:19:52: [Statistics] Monero - Total speed: 520.547 H/s, Total shares: 0 Rejected: 0, Time: 02:04
2020-04-16 02:19:52: [Statistics] Monero: CPU: 520.547 H/s
2020-04-16 02:20:30: <info>  [RandomX] ~~~~~~ DevFee begin ~~~~~~
2020-04-16 02:20:31: <info>  New job from commission host
2020-04-16 02:20:31: [Statistics] Monero - Total speed: 526.051 H/s, Total shares: 0 Rejected: 0, Time: 02:44
2020-04-16 02:20:31: [Statistics] Monero: CPU: 526.051 H/s
2020-04-16 02:20:52: <info>  New job from commission host
2020-04-16 02:20:52: [Statistics] Monero - Total speed: 525.228 H/s, Total shares: 0 Rejected: 0, Time: 03:05
2020-04-16 02:20:52: [Statistics] Monero: CPU: 525.228 H/s
2020-04-16 02:20:52: [Statistics] Monero last 10 min - Total: 515.532 H/s.
2020-04-16 02:21:05: <info>  New job from commission host
2020-04-16 02:21:05: [Statistics] Monero - Total speed: 526.031 H/s, Total shares: 0 Rejected: 0, Time: 03:17
2020-04-16 02:21:05: [Statistics] Monero: CPU: 526.031 H/s
2020-04-16 02:21:32: <info>  New job from commission host
2020-04-16 02:21:32: [Statistics] Monero - Total speed: 515.556 H/s, Total shares: 0 Rejected: 0, Time: 03:45
2020-04-16 02:21:32: [Statistics] Monero: CPU: 515.556 H/s
2020-04-16 02:21:56: <info>  New job from commission host
2020-04-16 02:21:56: [Statistics] Monero - Total speed: 527.988 H/s, Total shares: 0 Rejected: 0, Time: 04:08
2020-04-16 02:21:56: [Statistics] Monero: CPU: 527.988 H/s
